<?xml version="1.0" encoding="UTF-8"?>
<!-- Generated by org.testng.reporters.JUnitReportReporter -->
<testsuite skipped="0" hostname="DESKTOP-CQMQLVN" name="MobileTestProject.testCheck" tests="1" failures="0" timestamp="2020-08-06T19:47:58 IST" time="75.818" errors="0">
  <testcase name="firstFunction" time="75.818" classname="MobileTestProject.testCheck"/>
</testsuite> <!-- MobileTestProject.testCheck -->
