<?xml version="1.0" encoding="UTF-8"?>
<!-- Generated by org.testng.reporters.JUnitReportReporter -->
<testsuite skipped="0" hostname="DESKTOP-CQMQLVN" name="MobileTestProject.googleNote_Activity2" tests="1" failures="0" timestamp="2020-08-09T16:22:34 IST" time="11.246" errors="0">
  <testcase name="googleNoteAct2" time="11.246" classname="MobileTestProject.googleNote_Activity2"/>
</testsuite> <!-- MobileTestProject.googleNote_Activity2 -->
